"../../../Engine/Content/EditorResources/S_Actor.ubulk" 0
"../../../Engine/Content/EditorResources/S_Actor.uasset" 1
"../../../Engine/Content/EditorResources/S_Actor.uexp" 2
"../../../Engine/Content/EditorResources/S_BoxReflectionCapture.uasset" 3
"../../../Engine/Content/EditorResources/S_BoxReflectionCapture.uexp" 4
"../../../Engine/Content/EngineResources/DefaultTexture.ubulk" 5
"../../../Engine/Content/EngineResources/DefaultTexture.uasset" 6
"../../../Engine/Content/EngineResources/DefaultTexture.uexp" 7
"../../../Engine/Content/EngineResources/DefaultTextureCube.uasset" 8
"../../../Engine/Content/EngineResources/DefaultTextureCube.uexp" 9
"../../../Engine/Content/EngineResources/DefaultVolumeTexture2D.uasset" 10
"../../../Engine/Content/EngineResources/DefaultVolumeTexture2D.uexp" 11
"../../../Engine/Content/EngineResources/DefaultVolumeTexture.uasset" 12
"../../../Engine/Content/EngineResources/DefaultVolumeTexture.uexp" 13
"../../../Engine/Content/EditorResources/S_Trigger.ubulk" 14
"../../../Engine/Content/EditorResources/S_Trigger.uasset" 15
"../../../Engine/Content/EditorResources/S_Trigger.uexp" 16
"../../../Engine/Content/EditorResources/S_TriggerBox.uasset" 17
"../../../Engine/Content/EditorResources/S_TriggerBox.uexp" 18
"../../../Engine/Content/EditorResources/S_TriggerCapsule.uasset" 19
"../../../Engine/Content/EditorResources/S_TriggerCapsule.uexp" 20
"../../../Engine/Content/EditorResources/S_TriggerSphere.uasset" 21
"../../../Engine/Content/EditorResources/S_TriggerSphere.uexp" 22
"../../../Engine/Content/EngineMeshes/Sphere.ubulk" 23
"../../../Engine/Content/EngineMeshes/Sphere.uasset" 24
"../../../Engine/Content/EngineMeshes/Sphere.uexp" 25
"../../../Engine/Content/EngineResources/GradientTexture0.uasset" 26
"../../../Engine/Content/EngineResources/GradientTexture0.uexp" 27
"../../../Engine/Content/EngineResources/Black.uasset" 28
"../../../Engine/Content/EngineResources/Black.uexp" 29
"../../../Engine/Content/VREditor/LaserPointer/VR_LaserPower_01.ubulk" 30
"../../../Engine/Content/VREditor/LaserPointer/VR_LaserPower_01.uasset" 31
"../../../Engine/Content/VREditor/LaserPointer/VR_LaserPower_01.uexp" 32
"../../../Engine/Content/VREditor/TransformGizmo/TransformGizmoMaterial.uasset" 33
"../../../Engine/Content/VREditor/TransformGizmo/TransformGizmoMaterial.uexp" 34
"../../../Engine/Content/VREditor/TransformGizmo/TranslucentTransformGizmoMaterial.uasset" 35
"../../../Engine/Content/VREditor/TransformGizmo/TranslucentTransformGizmoMaterial.uexp" 36
"../../../Engine/Content/VREditor/TransformGizmo/PlaneTranslationHandle.ubulk" 37
"../../../Engine/Content/VREditor/TransformGizmo/PlaneTranslationHandle.uasset" 38
"../../../Engine/Content/VREditor/TransformGizmo/PlaneTranslationHandle.uexp" 39
"../../../Engine/Content/VREditor/TransformGizmo/BoundingBoxCorner.ubulk" 40
"../../../Engine/Content/VREditor/TransformGizmo/BoundingBoxCorner.uasset" 41
"../../../Engine/Content/VREditor/TransformGizmo/BoundingBoxCorner.uexp" 42
"../../../Engine/Content/VREditor/TransformGizmo/BoundingBoxEdge.ubulk" 43
"../../../Engine/Content/VREditor/TransformGizmo/BoundingBoxEdge.uasset" 44
"../../../Engine/Content/VREditor/TransformGizmo/BoundingBoxEdge.uexp" 45
"../../../Engine/Content/VREditor/TransformGizmo/Main.uasset" 46
"../../../Engine/Content/VREditor/TransformGizmo/Main.uexp" 47
"../../../Engine/Content/VREditor/TransformGizmo/Xray.uasset" 48
"../../../Engine/Content/VREditor/TransformGizmo/Xray.uexp" 49
"../../../Engine/Content/VREditor/TransformGizmo/SM_Sequencer_Node.ubulk" 50
"../../../Engine/Content/VREditor/TransformGizmo/SM_Sequencer_Node.uasset" 51
"../../../Engine/Content/VREditor/TransformGizmo/SM_Sequencer_Node.uexp" 52
"../../../Engine/Content/EditorMaterials/Camera/CineMat.uasset" 53
"../../../Engine/Content/EditorMaterials/Camera/CineMat.uexp" 54
"../../../Engine/Content/EditorMaterials/Camera/MI_CineMat_Rig.uasset" 55
"../../../Engine/Content/EditorMaterials/Camera/MI_CineMat_Rig.uexp" 56
"../../../Engine/Content/EditorMeshes/Camera/SM_CraneRig_Base.ubulk" 57
"../../../Engine/Content/EditorMeshes/Camera/SM_CraneRig_Base.uasset" 58
"../../../Engine/Content/EditorMeshes/Camera/SM_CraneRig_Base.uexp" 59
"../../../Engine/Content/EditorMeshes/Camera/SM_CraneRig_Arm.ubulk" 60
"../../../Engine/Content/EditorMeshes/Camera/SM_CraneRig_Arm.uasset" 61
"../../../Engine/Content/EditorMeshes/Camera/SM_CraneRig_Arm.uexp" 62
"../../../Engine/Content/EditorMeshes/Camera/SM_CraneRig_Mount.ubulk" 63
"../../../Engine/Content/EditorMeshes/Camera/SM_CraneRig_Mount.uasset" 64
"../../../Engine/Content/EditorMeshes/Camera/SM_CraneRig_Mount.uexp" 65
"../../../Engine/Content/EditorMeshes/Camera/SM_CraneRig_Body.ubulk" 66
"../../../Engine/Content/EditorMeshes/Camera/SM_CraneRig_Body.uasset" 67
"../../../Engine/Content/EditorMeshes/Camera/SM_CraneRig_Body.uexp" 68
"../../../Engine/Content/EditorMeshes/Camera/SM_RailRig_Track.ubulk" 69
"../../../Engine/Content/EditorMeshes/Camera/SM_RailRig_Track.uasset" 70
"../../../Engine/Content/EditorMeshes/Camera/SM_RailRig_Track.uexp" 71
"../../../Engine/Content/EditorMeshes/Camera/SM_RailRig_Mount.ubulk" 72
"../../../Engine/Content/EditorMeshes/Camera/SM_RailRig_Mount.uasset" 73
"../../../Engine/Content/EditorMeshes/Camera/SM_RailRig_Mount.uexp" 74
"../../../Engine/Content/EngineMaterials/T_Default_Material_Grid_M.ubulk" 75
"../../../Engine/Content/EngineMaterials/T_Default_Material_Grid_M.uasset" 76
"../../../Engine/Content/EngineMaterials/T_Default_Material_Grid_M.uexp" 77
"../../../Engine/Content/EngineMaterials/T_Default_Material_Grid_N.ubulk" 78
"../../../Engine/Content/EngineMaterials/T_Default_Material_Grid_N.uasset" 79
"../../../Engine/Content/EngineMaterials/T_Default_Material_Grid_N.uexp" 80
"../../../Engine/Content/Functions/Engine_MaterialFunctions01/Opacity/CameraDepthFade.uasset" 81
"../../../Engine/Content/Functions/Engine_MaterialFunctions01/Opacity/CameraDepthFade.uexp" 82
"../../../Engine/Content/EngineMaterials/WorldGridMaterial.uasset" 83
"../../../Engine/Content/EngineMaterials/WorldGridMaterial.uexp" 84
"../../../Engine/Content/ArtTools/RenderToTexture/Meshes/S_1_Unit_Plane.ubulk" 85
"../../../Engine/Content/ArtTools/RenderToTexture/Meshes/S_1_Unit_Plane.uasset" 86
"../../../Engine/Content/ArtTools/RenderToTexture/Meshes/S_1_Unit_Plane.uexp" 87
"../../../Engine/Content/EditorMaterials/ParticleSystems/PSysThumbnail_NoImage.ubulk" 88
"../../../Engine/Content/EditorMaterials/ParticleSystems/PSysThumbnail_NoImage.uasset" 89
"../../../Engine/Content/EditorMaterials/ParticleSystems/PSysThumbnail_NoImage.uexp" 90
"../../../Engine/Content/EditorMaterials/ParticleSystems/PSysThumbnail_OOD.ubulk" 91
"../../../Engine/Content/EditorMaterials/ParticleSystems/PSysThumbnail_OOD.uasset" 92
"../../../Engine/Content/EditorMaterials/ParticleSystems/PSysThumbnail_OOD.uexp" 93
"../../../Engine/Content/EditorLandscapeResources/SplineEditorMeshMat.uasset" 94
"../../../Engine/Content/EditorLandscapeResources/SplineEditorMeshMat.uexp" 95
"../../../Engine/Content/EditorLandscapeResources/SplineEditorMesh.ubulk" 96
"../../../Engine/Content/EditorLandscapeResources/SplineEditorMesh.uasset" 97
"../../../Engine/Content/EditorLandscapeResources/SplineEditorMesh.uexp" 98
"../../../Engine/Content/EditorResources/S_Solver.ubulk" 99
"../../../Engine/Content/EditorResources/S_Solver.uasset" 100
"../../../Engine/Content/EditorResources/S_Solver.uexp" 101
"../../../Engine/Content/EngineMaterials/DefaultMaterial.uasset" 102
"../../../Engine/Content/EngineMaterials/DefaultMaterial.uexp" 103
"../../../Engine/Content/EngineMeshes/Cylinder.ubulk" 104
"../../../Engine/Content/EngineMeshes/Cylinder.uasset" 105
"../../../Engine/Content/EngineMeshes/Cylinder.uexp" 106
"../../../Engine/Plugins/Media/MediaPlate/Content/SM_MediaPlateScreen.ubulk" 107
"../../../Engine/Plugins/Media/MediaPlate/Content/SM_MediaPlateScreen.uasset" 108
"../../../Engine/Plugins/Media/MediaPlate/Content/SM_MediaPlateScreen.uexp" 109
"../../../Engine/Content/EngineMaterials/Good64x64TilingNoiseHighFreq.uasset" 110
"../../../Engine/Content/EngineMaterials/Good64x64TilingNoiseHighFreq.uexp" 111
"../../../Engine/Content/EngineMaterials/DefaultBokeh.uasset" 112
"../../../Engine/Content/EngineMaterials/DefaultBokeh.uexp" 113
"../../../Engine/Content/EngineMaterials/PreintegratedSkinBRDF.uasset" 114
"../../../Engine/Content/EngineMaterials/PreintegratedSkinBRDF.uexp" 115
"../../../Engine/Content/EngineMaterials/MiniFont.uasset" 116
"../../../Engine/Content/EngineMaterials/MiniFont.uexp" 117
"../../../Engine/Content/EngineMaterials/WeightMapPlaceholderTexture.uasset" 118
"../../../Engine/Content/EngineMaterials/WeightMapPlaceholderTexture.uexp" 119
"../../../Engine/Content/EngineMaterials/DefaultWhiteGrid.ubulk" 120
"../../../Engine/Content/EngineMaterials/DefaultWhiteGrid.uasset" 121
"../../../Engine/Content/EngineMaterials/DefaultWhiteGrid.uexp" 122
"../../../Engine/Plugins/2D/Paper2D/Content/PlaceholderTextures/DummySpriteTexture.ubulk" 123
"../../../Engine/Plugins/2D/Paper2D/Content/PlaceholderTextures/DummySpriteTexture.uasset" 124
"../../../Engine/Plugins/2D/Paper2D/Content/PlaceholderTextures/DummySpriteTexture.uexp" 125
"../../../Engine/Plugins/2D/Paper2D/Content/DefaultSpriteMaterial.uasset" 126
"../../../Engine/Plugins/2D/Paper2D/Content/DefaultSpriteMaterial.uexp" 127
"../../../Engine/Plugins/2D/Paper2D/Content/OpaqueUnlitSpriteMaterial.uasset" 128
"../../../Engine/Plugins/2D/Paper2D/Content/OpaqueUnlitSpriteMaterial.uexp" 129
"../../../Engine/Plugins/2D/Paper2D/Content/MaskedUnlitSpriteMaterial.uasset" 130
"../../../Engine/Plugins/2D/Paper2D/Content/MaskedUnlitSpriteMaterial.uexp" 131
"../../../Engine/Plugins/2D/Paper2D/Content/DummySprite.uasset" 132
"../../../Engine/Plugins/2D/Paper2D/Content/DummySprite.uexp" 133
"../../../Engine/Plugins/2D/Paper2D/Content/DefaultPaperTerrainMaterial.uasset" 134
"../../../Engine/Plugins/2D/Paper2D/Content/DefaultPaperTerrainMaterial.uexp" 135
"D:/Unreal Projects/Coyotl 5.2/Content/Characters/Joao/Objetos/roca1.uasset" 136
"D:/Unreal Projects/Coyotl 5.2/Content/Characters/Joao/Objetos/roca1.uexp" 137
"D:/Unreal Projects/Coyotl 5.2/Content/Characters/Joao/Objetos/Material.uasset" 138
"D:/Unreal Projects/Coyotl 5.2/Content/Characters/Joao/Objetos/Material.uexp" 139
"D:/Unreal Projects/Coyotl 5.2/Content/Characters/Joao/Objetos/roca_PhysicsAsset.uasset" 140
"D:/Unreal Projects/Coyotl 5.2/Content/Characters/Joao/Objetos/roca_PhysicsAsset.uexp" 141
"D:/Unreal Projects/Coyotl 5.2/Content/Characters/Joao/Objetos/roca_Skeleton.uasset" 142
"D:/Unreal Projects/Coyotl 5.2/Content/Characters/Joao/Objetos/roca_Skeleton.uexp" 143
"D:/Unreal Projects/Coyotl 5.2/Content/Characters/Joao/Objetos/roca.uasset" 144
"D:/Unreal Projects/Coyotl 5.2/Content/Characters/Joao/Objetos/roca.uexp" 145
"D:/Unreal Projects/Coyotl 5.2/Content/Menu/Captura_de_pantalla_2023-06-26_055642.uasset" 146
"D:/Unreal Projects/Coyotl 5.2/Content/Menu/Captura_de_pantalla_2023-06-26_055642.uexp" 147
"D:/Unreal Projects/Coyotl 5.2/Content/Menu/coyotl-2.uasset" 148
"D:/Unreal Projects/Coyotl 5.2/Content/Menu/coyotl-2.uexp" 149
"D:/Unreal Projects/Coyotl 5.2/Content/Menu/Menu.uasset" 150
"D:/Unreal Projects/Coyotl 5.2/Content/Menu/Menu.uexp" 151
"D:/Unreal Projects/Coyotl 5.2/Content/Menu/Instrucciones.uasset" 152
"D:/Unreal Projects/Coyotl 5.2/Content/Menu/Instrucciones.uexp" 153
"D:/Unreal Projects/Coyotl 5.2/Content/Menu/pause_menu.uasset" 154
"D:/Unreal Projects/Coyotl 5.2/Content/Menu/pause_menu.uexp" 155
"../../../Engine/Content/Animation/DefaultAnimCurveCompressionSettings.uasset" 156
"../../../Engine/Content/Animation/DefaultAnimCurveCompressionSettings.uexp" 157
"D:/Unreal Projects/Coyotl 5.2/Content/Characters/Joao/Joao_Skeleton.uasset" 158
"D:/Unreal Projects/Coyotl 5.2/Content/Characters/Joao/Joao_Skeleton.uexp" 159
"../../../Engine/Content/Animation/DefaultAnimBoneCompressionSettings.uasset" 160
"../../../Engine/Content/Animation/DefaultAnimBoneCompressionSettings.uexp" 161
"D:/Unreal Projects/Coyotl 5.2/Content/Characters/Joao/Jumping_Up.uasset" 162
"D:/Unreal Projects/Coyotl 5.2/Content/Characters/Joao/Jumping_Up.uexp" 163
"D:/Unreal Projects/Coyotl 5.2/Content/Characters/Joao/Standard_Run.uasset" 164
"D:/Unreal Projects/Coyotl 5.2/Content/Characters/Joao/Standard_Run.uexp" 165
"D:/Unreal Projects/Coyotl 5.2/Content/Characters/Joao/Idle.uasset" 166
"D:/Unreal Projects/Coyotl 5.2/Content/Characters/Joao/Idle.uexp" 167
"D:/Unreal Projects/Coyotl 5.2/Content/Characters/Joao/Joao_BlendSpace1D.uasset" 168
"D:/Unreal Projects/Coyotl 5.2/Content/Characters/Joao/Joao_BlendSpace1D.uexp" 169
"D:/Unreal Projects/Coyotl 5.2/Content/Characters/Joao/Falling_Idle.uasset" 170
"D:/Unreal Projects/Coyotl 5.2/Content/Characters/Joao/Falling_Idle.uexp" 171
"../../../Engine/Content/EditorBlueprintResources/StandardMacros.uasset" 172
"../../../Engine/Content/EditorBlueprintResources/StandardMacros.uexp" 173
"D:/Unreal Projects/Coyotl 5.2/Content/Characters/Joao/Joao_anim.uasset" 174
"D:/Unreal Projects/Coyotl 5.2/Content/Characters/Joao/Joao_anim.uexp" 175
"D:/Unreal Projects/Coyotl 5.2/Content/Characters/Joao/joao1.ubulk" 176
"D:/Unreal Projects/Coyotl 5.2/Content/Characters/Joao/joao1.uasset" 177
"D:/Unreal Projects/Coyotl 5.2/Content/Characters/Joao/joao1.uexp" 178
"D:/Unreal Projects/Coyotl 5.2/Content/Characters/Joao/Material_001.uasset" 179
"D:/Unreal Projects/Coyotl 5.2/Content/Characters/Joao/Material_001.uexp" 180
"D:/Unreal Projects/Coyotl 5.2/Content/Characters/Joao/Joao_PhysicsAsset.uasset" 181
"D:/Unreal Projects/Coyotl 5.2/Content/Characters/Joao/Joao_PhysicsAsset.uexp" 182
"D:/Unreal Projects/Coyotl 5.2/Content/Characters/Joao/Joao.uasset" 183
"D:/Unreal Projects/Coyotl 5.2/Content/Characters/Joao/Joao.uexp" 184
"D:/Unreal Projects/Coyotl 5.2/Content/ThirdPerson/Blueprints/BP_ThirdPersonCharacter.uasset" 185
"D:/Unreal Projects/Coyotl 5.2/Content/ThirdPerson/Blueprints/BP_ThirdPersonCharacter.uexp" 186
"D:/Unreal Projects/Coyotl 5.2/Content/Characters/Joao/Objetos/pez_Skeleton.uasset" 187
"D:/Unreal Projects/Coyotl 5.2/Content/Characters/Joao/Objetos/pez_Skeleton.uexp" 188
"D:/Unreal Projects/Coyotl 5.2/Content/Characters/Joao/Objetos/pez1.ubulk" 189
"D:/Unreal Projects/Coyotl 5.2/Content/Characters/Joao/Objetos/pez1.uasset" 190
"D:/Unreal Projects/Coyotl 5.2/Content/Characters/Joao/Objetos/pez1.uexp" 191
"D:/Unreal Projects/Coyotl 5.2/Content/Characters/Joao/Objetos/Material_001.uasset" 192
"D:/Unreal Projects/Coyotl 5.2/Content/Characters/Joao/Objetos/Material_001.uexp" 193
"D:/Unreal Projects/Coyotl 5.2/Content/Characters/Joao/Objetos/pez_PhysicsAsset.uasset" 194
"D:/Unreal Projects/Coyotl 5.2/Content/Characters/Joao/Objetos/pez_PhysicsAsset.uexp" 195
"D:/Unreal Projects/Coyotl 5.2/Content/Characters/Joao/Objetos/pez.uasset" 196
"D:/Unreal Projects/Coyotl 5.2/Content/Characters/Joao/Objetos/pez.uexp" 197
"D:/Unreal Projects/Coyotl 5.2/Content/Characters/Joao/Objetos/Bateria_PhysicsAsset.uasset" 198
"D:/Unreal Projects/Coyotl 5.2/Content/Characters/Joao/Objetos/Bateria_PhysicsAsset.uexp" 199
"D:/Unreal Projects/Coyotl 5.2/Content/Characters/Joao/Objetos/Bateria_Skeleton.uasset" 200
"D:/Unreal Projects/Coyotl 5.2/Content/Characters/Joao/Objetos/Bateria_Skeleton.uexp" 201
"D:/Unreal Projects/Coyotl 5.2/Content/Characters/Joao/Objetos/Bateria.uasset" 202
"D:/Unreal Projects/Coyotl 5.2/Content/Characters/Joao/Objetos/Bateria.uexp" 203
"D:/Unreal Projects/Coyotl 5.2/Content/TEX_Tunel_2.ubulk" 204
"D:/Unreal Projects/Coyotl 5.2/Content/TEX_Tunel_2.uasset" 205
"D:/Unreal Projects/Coyotl 5.2/Content/TEX_Tunel_2.uexp" 206
"D:/Unreal Projects/Coyotl 5.2/Content/TEX_Tunel_3.ubulk" 207
"D:/Unreal Projects/Coyotl 5.2/Content/TEX_Tunel_3.uasset" 208
"D:/Unreal Projects/Coyotl 5.2/Content/TEX_Tunel_3.uexp" 209
"D:/Unreal Projects/Coyotl 5.2/Content/TEX_Tunel_4.ubulk" 210
"D:/Unreal Projects/Coyotl 5.2/Content/TEX_Tunel_4.uasset" 211
"D:/Unreal Projects/Coyotl 5.2/Content/TEX_Tunel_4.uexp" 212
"D:/Unreal Projects/Coyotl 5.2/Content/TEX_carretera.ubulk" 213
"D:/Unreal Projects/Coyotl 5.2/Content/TEX_carretera.uasset" 214
"D:/Unreal Projects/Coyotl 5.2/Content/TEX_carretera.uexp" 215
"D:/Unreal Projects/Coyotl 5.2/Content/TEX_carretera_2.ubulk" 216
"D:/Unreal Projects/Coyotl 5.2/Content/TEX_carretera_2.uasset" 217
"D:/Unreal Projects/Coyotl 5.2/Content/TEX_carretera_2.uexp" 218
"D:/Unreal Projects/Coyotl 5.2/Content/TEX_carretera_3.ubulk" 219
"D:/Unreal Projects/Coyotl 5.2/Content/TEX_carretera_3.uasset" 220
"D:/Unreal Projects/Coyotl 5.2/Content/TEX_carretera_3.uexp" 221
"D:/Unreal Projects/Coyotl 5.2/Content/TEX_carretera_4.ubulk" 222
"D:/Unreal Projects/Coyotl 5.2/Content/TEX_carretera_4.uasset" 223
"D:/Unreal Projects/Coyotl 5.2/Content/TEX_carretera_4.uexp" 224
"D:/Unreal Projects/Coyotl 5.2/Content/TEX_vrcn_1.ubulk" 225
"D:/Unreal Projects/Coyotl 5.2/Content/TEX_vrcn_1.uasset" 226
"D:/Unreal Projects/Coyotl 5.2/Content/TEX_vrcn_1.uexp" 227
"D:/Unreal Projects/Coyotl 5.2/Content/TEX_vrcn_2.ubulk" 228
"D:/Unreal Projects/Coyotl 5.2/Content/TEX_vrcn_2.uasset" 229
"D:/Unreal Projects/Coyotl 5.2/Content/TEX_vrcn_2.uexp" 230
"D:/Unreal Projects/Coyotl 5.2/Content/TEX_vrcn_3.ubulk" 231
"D:/Unreal Projects/Coyotl 5.2/Content/TEX_vrcn_3.uasset" 232
"D:/Unreal Projects/Coyotl 5.2/Content/TEX_vrcn_3.uexp" 233
"D:/Unreal Projects/Coyotl 5.2/Content/TEX_vrcn_4.ubulk" 234
"D:/Unreal Projects/Coyotl 5.2/Content/TEX_vrcn_4.uasset" 235
"D:/Unreal Projects/Coyotl 5.2/Content/TEX_vrcn_4.uexp" 236
"D:/Unreal Projects/Coyotl 5.2/Content/TEX_vrcn_5.ubulk" 237
"D:/Unreal Projects/Coyotl 5.2/Content/TEX_vrcn_5.uasset" 238
"D:/Unreal Projects/Coyotl 5.2/Content/TEX_vrcn_5.uexp" 239
"D:/Unreal Projects/Coyotl 5.2/Content/TEX_vrcn_6.ubulk" 240
"D:/Unreal Projects/Coyotl 5.2/Content/TEX_vrcn_6.uasset" 241
"D:/Unreal Projects/Coyotl 5.2/Content/TEX_vrcn_6.uexp" 242
"D:/Unreal Projects/Coyotl 5.2/Content/TEX_Tunel-entrada.ubulk" 243
"D:/Unreal Projects/Coyotl 5.2/Content/TEX_Tunel-entrada.uasset" 244
"D:/Unreal Projects/Coyotl 5.2/Content/TEX_Tunel-entrada.uexp" 245
"D:/Unreal Projects/Coyotl 5.2/Content/palette.uasset" 246
"D:/Unreal Projects/Coyotl 5.2/Content/palette.uexp" 247
"D:/Unreal Projects/Coyotl 5.2/Content/LevelPrototyping/Textures/textura.uasset" 248
"D:/Unreal Projects/Coyotl 5.2/Content/LevelPrototyping/Textures/textura.uexp" 249
"D:/Unreal Projects/Coyotl 5.2/Content/LevelPrototyping/Textures/textura_Mat.uasset" 250
"D:/Unreal Projects/Coyotl 5.2/Content/LevelPrototyping/Textures/textura_Mat.uexp" 251
"D:/Unreal Projects/Coyotl 5.2/Content/StarterContent/Textures/T_Concrete_Tiles_Variation_M.ubulk" 252
"D:/Unreal Projects/Coyotl 5.2/Content/StarterContent/Textures/T_Concrete_Tiles_Variation_M.uasset" 253
"D:/Unreal Projects/Coyotl 5.2/Content/StarterContent/Textures/T_Concrete_Tiles_Variation_M.uexp" 254
"D:/Unreal Projects/Coyotl 5.2/Content/StarterContent/Textures/T_Concrete_Tiles_D.ubulk" 255
"D:/Unreal Projects/Coyotl 5.2/Content/StarterContent/Textures/T_Concrete_Tiles_D.uasset" 256
"D:/Unreal Projects/Coyotl 5.2/Content/StarterContent/Textures/T_Concrete_Tiles_D.uexp" 257
"D:/Unreal Projects/Coyotl 5.2/Content/StarterContent/Textures/T_Concrete_Tiles_M.ubulk" 258
"D:/Unreal Projects/Coyotl 5.2/Content/StarterContent/Textures/T_Concrete_Tiles_M.uasset" 259
"D:/Unreal Projects/Coyotl 5.2/Content/StarterContent/Textures/T_Concrete_Tiles_M.uexp" 260
"D:/Unreal Projects/Coyotl 5.2/Content/StarterContent/Textures/T_MacroVariation.uasset" 261
"D:/Unreal Projects/Coyotl 5.2/Content/StarterContent/Textures/T_MacroVariation.uexp" 262
"D:/Unreal Projects/Coyotl 5.2/Content/StarterContent/Textures/T_Concrete_Tiles_N.ubulk" 263
"D:/Unreal Projects/Coyotl 5.2/Content/StarterContent/Textures/T_Concrete_Tiles_N.uasset" 264
"D:/Unreal Projects/Coyotl 5.2/Content/StarterContent/Textures/T_Concrete_Tiles_N.uexp" 265
"D:/Unreal Projects/Coyotl 5.2/Content/StarterContent/Materials/M_Concrete_Tiles.uasset" 266
"D:/Unreal Projects/Coyotl 5.2/Content/StarterContent/Materials/M_Concrete_Tiles.uexp" 267
"D:/Unreal Projects/Coyotl 5.2/Content/LevelPrototyping/Materials/MI_PrototypeGrid_Gray.uasset" 268
"D:/Unreal Projects/Coyotl 5.2/Content/LevelPrototyping/Materials/MI_PrototypeGrid_Gray.uexp" 269
"D:/Unreal Projects/Coyotl 5.2/Content/SM_MERGED_StaticMeshActor_1.uasset" 270
"D:/Unreal Projects/Coyotl 5.2/Content/SM_MERGED_StaticMeshActor_1.uexp" 271
"D:/Unreal Projects/Coyotl 5.2/Content/Menu/Game_over.uasset" 272
"D:/Unreal Projects/Coyotl 5.2/Content/Menu/Game_over.uexp" 273
"D:/Unreal Projects/Coyotl 5.2/Content/Infinity_map.uasset" 274
"D:/Unreal Projects/Coyotl 5.2/Content/Infinity_map.uexp" 275
"../../../Engine/Content/Functions/Engine_MaterialFunctions02/WorldPositionOffset/CameraOffset.uasset" 276
"../../../Engine/Content/Functions/Engine_MaterialFunctions02/WorldPositionOffset/CameraOffset.uexp" 277
"../../../Engine/Plugins/Animation/ControlRig/Content/M_Manip.uasset" 278
"../../../Engine/Plugins/Animation/ControlRig/Content/M_Manip.uexp" 279
"../../../Engine/Content/Animation/DefaultRecorderBoneCompression.uasset" 280
"../../../Engine/Content/Animation/DefaultRecorderBoneCompression.uexp" 281
"../../../Engine/Content/EngineResources/WhiteSquareTexture.uasset" 282
"../../../Engine/Content/EngineResources/WhiteSquareTexture.uexp" 283
"../../../Engine/Content/EngineMaterials/Widget3DPassThrough.uasset" 284
"../../../Engine/Content/EngineMaterials/Widget3DPassThrough.uexp" 285
"../../../Engine/Content/EngineMaterials/Widget3DPassThrough_Translucent.uasset" 286
"../../../Engine/Content/EngineMaterials/Widget3DPassThrough_Translucent.uexp" 287
"../../../Engine/Content/EngineMaterials/Widget3DPassThrough_Translucent_OneSided.uasset" 288
"../../../Engine/Content/EngineMaterials/Widget3DPassThrough_Translucent_OneSided.uexp" 289
"../../../Engine/Content/EngineMaterials/Widget3DPassThrough_Opaque.uasset" 290
"../../../Engine/Content/EngineMaterials/Widget3DPassThrough_Opaque.uexp" 291
"../../../Engine/Content/EngineMaterials/Widget3DPassThrough_Opaque_OneSided.uasset" 292
"../../../Engine/Content/EngineMaterials/Widget3DPassThrough_Opaque_OneSided.uexp" 293
"../../../Engine/Content/EngineMaterials/Widget3DPassThrough_Masked_OneSided.uasset" 294
"../../../Engine/Content/EngineMaterials/Widget3DPassThrough_Masked_OneSided.uexp" 295
"../../../Engine/Content/EngineMaterials/Widget3DPassThrough_Masked.uasset" 296
"../../../Engine/Content/EngineMaterials/Widget3DPassThrough_Masked.uexp" 297
"../../../Engine/Content/EngineSounds/Master.uasset" 298
"../../../Engine/Content/EngineSounds/Master.uexp" 299
"../../../Engine/Plugins/Animation/ControlRig/Content/Controls/DefaultGizmoLibraryNormalized.uasset" 300
"../../../Engine/Plugins/Animation/ControlRig/Content/Controls/DefaultGizmoLibraryNormalized.uexp" 301
"../../../Engine/Plugins/Animation/ControlRig/Content/Controls/ControlRig_Wedge_solid.ubulk" 302
"../../../Engine/Plugins/Animation/ControlRig/Content/Controls/ControlRig_Wedge_solid.uasset" 303
"../../../Engine/Plugins/Animation/ControlRig/Content/Controls/ControlRig_Wedge_solid.uexp" 304
"../../../Engine/Plugins/Animation/ControlRig/Content/Controls/ControlRig_Wedge_3mm.ubulk" 305
"../../../Engine/Plugins/Animation/ControlRig/Content/Controls/ControlRig_Wedge_3mm.uasset" 306
"../../../Engine/Plugins/Animation/ControlRig/Content/Controls/ControlRig_Wedge_3mm.uexp" 307
"../../../Engine/Plugins/Animation/ControlRig/Content/Controls/ControlRig_Wedge_1mm.ubulk" 308
"../../../Engine/Plugins/Animation/ControlRig/Content/Controls/ControlRig_Wedge_1mm.uasset" 309
"../../../Engine/Plugins/Animation/ControlRig/Content/Controls/ControlRig_Wedge_1mm.uexp" 310
"../../../Engine/Plugins/Animation/ControlRig/Content/Controls/ControlRig_Triangle_solid.ubulk" 311
"../../../Engine/Plugins/Animation/ControlRig/Content/Controls/ControlRig_Triangle_solid.uasset" 312
"../../../Engine/Plugins/Animation/ControlRig/Content/Controls/ControlRig_Triangle_solid.uexp" 313
"../../../Engine/Plugins/Animation/ControlRig/Content/Controls/ControlRig_Triangle_3mm.ubulk" 314
"../../../Engine/Plugins/Animation/ControlRig/Content/Controls/ControlRig_Triangle_3mm.uasset" 315
"../../../Engine/Plugins/Animation/ControlRig/Content/Controls/ControlRig_Triangle_3mm.uexp" 316
"../../../Engine/Plugins/Animation/ControlRig/Content/Controls/ControlRig_Triangle_1mm.ubulk" 317
"../../../Engine/Plugins/Animation/ControlRig/Content/Controls/ControlRig_Triangle_1mm.uasset" 318
"../../../Engine/Plugins/Animation/ControlRig/Content/Controls/ControlRig_Triangle_1mm.uexp" 319
"../../../Engine/Plugins/Animation/ControlRig/Content/Controls/ControlRig_Star4_solid.ubulk" 320
"../../../Engine/Plugins/Animation/ControlRig/Content/Controls/ControlRig_Star4_solid.uasset" 321
"../../../Engine/Plugins/Animation/ControlRig/Content/Controls/ControlRig_Star4_solid.uexp" 322
"../../../Engine/Plugins/Animation/ControlRig/Content/Controls/ControlRig_Star4_3mm.ubulk" 323
"../../../Engine/Plugins/Animation/ControlRig/Content/Controls/ControlRig_Star4_3mm.uasset" 324
"../../../Engine/Plugins/Animation/ControlRig/Content/Controls/ControlRig_Star4_3mm.uexp" 325
"../../../Engine/Plugins/Animation/ControlRig/Content/Controls/ControlRig_Star4_1mm.ubulk" 326
"../../../Engine/Plugins/Animation/ControlRig/Content/Controls/ControlRig_Star4_1mm.uasset" 327
"../../../Engine/Plugins/Animation/ControlRig/Content/Controls/ControlRig_Star4_1mm.uexp" 328
"../../../Engine/Plugins/Animation/ControlRig/Content/Controls/ControlRig_Square_solid.ubulk" 329
"../../../Engine/Plugins/Animation/ControlRig/Content/Controls/ControlRig_Square_solid.uasset" 330
"../../../Engine/Plugins/Animation/ControlRig/Content/Controls/ControlRig_Square_solid.uexp" 331
"../../../Engine/Plugins/Animation/ControlRig/Content/Controls/ControlRig_Square_3mm.ubulk" 332
"../../../Engine/Plugins/Animation/ControlRig/Content/Controls/ControlRig_Square_3mm.uasset" 333
"../../../Engine/Plugins/Animation/ControlRig/Content/Controls/ControlRig_Square_3mm.uexp" 334
"../../../Engine/Plugins/Animation/ControlRig/Content/Controls/ControlRig_Square_1mm.ubulk" 335
"../../../Engine/Plugins/Animation/ControlRig/Content/Controls/ControlRig_Square_1mm.uasset" 336
"../../../Engine/Plugins/Animation/ControlRig/Content/Controls/ControlRig_Square_1mm.uexp" 337
"../../../Engine/Plugins/Animation/ControlRig/Content/Controls/ControlRig_Sphere_solid.ubulk" 338
"../../../Engine/Plugins/Animation/ControlRig/Content/Controls/ControlRig_Sphere_solid.uasset" 339
"../../../Engine/Plugins/Animation/ControlRig/Content/Controls/ControlRig_Sphere_solid.uexp" 340
"../../../Engine/Plugins/Runtime/MeshModelingToolset/Content/Materials/M_DynamicMeshComponentVtxColor.uasset" 341
"../../../Engine/Plugins/Runtime/MeshModelingToolset/Content/Materials/M_DynamicMeshComponentVtxColor.uexp" 342
"../../../Engine/Plugins/Interchange/Runtime/Content/Pipelines/DefaultTexturePipeline.uasset" 343
"../../../Engine/Plugins/Interchange/Runtime/Content/Pipelines/DefaultTexturePipeline.uexp" 344
"../../../Engine/Plugins/Interchange/Runtime/Content/Pipelines/DefaultSceneLevelPipeline.uasset" 345
"../../../Engine/Plugins/Interchange/Runtime/Content/Pipelines/DefaultSceneLevelPipeline.uexp" 346
"../../../Engine/Plugins/Interchange/Runtime/Content/Pipelines/DefaultSceneAssetsPipeline.uasset" 347
"../../../Engine/Plugins/Interchange/Runtime/Content/Pipelines/DefaultSceneAssetsPipeline.uexp" 348
"../../../Engine/Plugins/Interchange/Runtime/Content/Pipelines/DefaultMaterialPipeline.uasset" 349
"../../../Engine/Plugins/Interchange/Runtime/Content/Pipelines/DefaultMaterialPipeline.uexp" 350
"../../../Engine/Plugins/Interchange/Runtime/Content/Pipelines/DefaultAssetsPipeline.uasset" 351
"../../../Engine/Plugins/Interchange/Runtime/Content/Pipelines/DefaultAssetsPipeline.uexp" 352
"../../../Engine/Plugins/Editor/SpeedTreeImporter/Content/SpeedTree9/game_wind_noise.ubulk" 353
"../../../Engine/Plugins/Editor/SpeedTreeImporter/Content/SpeedTree9/game_wind_noise.uasset" 354
"../../../Engine/Plugins/Editor/SpeedTreeImporter/Content/SpeedTree9/game_wind_noise.uexp" 355
"../../../Engine/Plugins/Editor/SpeedTreeImporter/Content/SpeedTree9/UnpackDirection.uasset" 356
"../../../Engine/Plugins/Editor/SpeedTreeImporter/Content/SpeedTree9/UnpackDirection.uexp" 357
"../../../Engine/Content/Functions/Engine_MaterialFunctions02/ObjectLocalBounds.uasset" 358
"../../../Engine/Content/Functions/Engine_MaterialFunctions02/ObjectLocalBounds.uexp" 359
"../../../Engine/Content/Functions/Engine_MaterialFunctions02/Utility/BreakOutFloat3Components.uasset" 360
"../../../Engine/Content/Functions/Engine_MaterialFunctions02/Utility/BreakOutFloat3Components.uexp" 361
"../../../Engine/Content/Functions/Engine_MaterialFunctions02/UVs/BoundingBoxBased_0-1_UVW.uasset" 362
"../../../Engine/Content/Functions/Engine_MaterialFunctions02/UVs/BoundingBoxBased_0-1_UVW.uexp" 363
"../../../Engine/Content/Functions/Engine_MaterialFunctions02/Utility/VectorLength.uasset" 364
"../../../Engine/Content/Functions/Engine_MaterialFunctions02/Utility/VectorLength.uexp" 365
"../../../Engine/Plugins/Editor/SpeedTreeImporter/Content/SpeedTree9/UnpackInteger3.uasset" 366
"../../../Engine/Plugins/Editor/SpeedTreeImporter/Content/SpeedTree9/UnpackInteger3.uexp" 367
"../../../Engine/Plugins/Editor/SpeedTreeImporter/Content/SpeedTree9/SpeedTreeCameraFacing.uasset" 368
"../../../Engine/Plugins/Editor/SpeedTreeImporter/Content/SpeedTree9/SpeedTreeCameraFacing.uexp" 369
"../../../Engine/Content/Functions/Engine_MaterialFunctions02/WorldPositionOffset/ObjectScale.uasset" 370
"../../../Engine/Content/Functions/Engine_MaterialFunctions02/WorldPositionOffset/ObjectScale.uexp" 371
"../../../Engine/Content/Functions/Engine_MaterialFunctions02/SafeNormalize.uasset" 372
"../../../Engine/Content/Functions/Engine_MaterialFunctions02/SafeNormalize.uexp" 373
"../../../Engine/Plugins/Editor/SpeedTreeImporter/Content/SpeedTree9/SpeedTreeWindMotion.uasset" 374
"../../../Engine/Plugins/Editor/SpeedTreeImporter/Content/SpeedTree9/SpeedTreeWindMotion.uexp" 375
"../../../Engine/Plugins/Editor/SpeedTreeImporter/Content/SpeedTree9/SpeedTreeBranchMotion.uasset" 376
"../../../Engine/Plugins/Editor/SpeedTreeImporter/Content/SpeedTree9/SpeedTreeBranchMotion.uexp" 377
"../../../Engine/Plugins/Editor/SpeedTreeImporter/Content/SpeedTree9/SpeedTreeWind.uasset" 378
"../../../Engine/Plugins/Editor/SpeedTreeImporter/Content/SpeedTree9/SpeedTreeWind.uexp" 379
"../../../Engine/Plugins/Editor/SpeedTreeImporter/Content/SpeedTree9/EmptyNormal.uasset" 380
"../../../Engine/Plugins/Editor/SpeedTreeImporter/Content/SpeedTree9/EmptyNormal.uexp" 381
"../../../Engine/Plugins/Editor/SpeedTreeImporter/Content/SpeedTree9/Empty.uasset" 382
"../../../Engine/Plugins/Editor/SpeedTreeImporter/Content/SpeedTree9/Empty.uexp" 383
"../../../Engine/Plugins/Editor/SpeedTreeImporter/Content/SpeedTree9/SpeedTreeMaster.uasset" 384
"../../../Engine/Plugins/Editor/SpeedTreeImporter/Content/SpeedTree9/SpeedTreeMaster.uexp" 385
"../../../Engine/Plugins/Editor/SpeedTreeImporter/Content/SpeedTree9/SpeedTreeBillboard.uasset" 386
"../../../Engine/Plugins/Editor/SpeedTreeImporter/Content/SpeedTree9/SpeedTreeBillboard.uexp" 387
"../../../Engine/Plugins/Editor/SpeedTreeImporter/Content/SpeedTree9/SpeedTreeBillboardMaster.uasset" 388
"../../../Engine/Plugins/Editor/SpeedTreeImporter/Content/SpeedTree9/SpeedTreeBillboardMaster.uexp" 389
"../../../Engine/Plugins/Animation/ControlRig/Content/Controls/ControlRig_Sphere_3mm.ubulk" 390
"../../../Engine/Plugins/Animation/ControlRig/Content/Controls/ControlRig_Sphere_3mm.uasset" 391
"../../../Engine/Plugins/Animation/ControlRig/Content/Controls/ControlRig_Sphere_3mm.uexp" 392
"../../../Engine/Plugins/Animation/ControlRig/Content/Controls/ControlRig_Sphere_1mm.ubulk" 393
"../../../Engine/Plugins/Animation/ControlRig/Content/Controls/ControlRig_Sphere_1mm.uasset" 394
"../../../Engine/Plugins/Animation/ControlRig/Content/Controls/ControlRig_Sphere_1mm.uexp" 395
"../../../Engine/Plugins/Animation/ControlRig/Content/Controls/ControlRig_RoundedTriangle_solid.ubulk" 396
"../../../Engine/Plugins/Animation/ControlRig/Content/Controls/ControlRig_RoundedTriangle_solid.uasset" 397
"../../../Engine/Plugins/Animation/ControlRig/Content/Controls/ControlRig_RoundedTriangle_solid.uexp" 398
"../../../Engine/Plugins/Animation/ControlRig/Content/Controls/ControlRig_RoundedTriangle_3mm.ubulk" 399
"../../../Engine/Plugins/Animation/ControlRig/Content/Controls/ControlRig_RoundedTriangle_3mm.uasset" 400
"../../../Engine/Plugins/Animation/ControlRig/Content/Controls/ControlRig_RoundedTriangle_3mm.uexp" 401
"../../../Engine/Plugins/Animation/ControlRig/Content/Controls/ControlRig_RoundedTriangle_1mm.ubulk" 402
"../../../Engine/Plugins/Animation/ControlRig/Content/Controls/ControlRig_RoundedTriangle_1mm.uasset" 403
"../../../Engine/Plugins/Animation/ControlRig/Content/Controls/ControlRig_RoundedTriangle_1mm.uexp" 404
"../../../Engine/Plugins/Animation/ControlRig/Content/Controls/ControlRig_RoundedSquare_solid.ubulk" 405
"../../../Engine/Plugins/Animation/ControlRig/Content/Controls/ControlRig_RoundedSquare_solid.uasset" 406
"../../../Engine/Plugins/Animation/ControlRig/Content/Controls/ControlRig_RoundedSquare_solid.uexp" 407
"../../../Engine/Plugins/Animation/ControlRig/Content/Controls/ControlRig_RoundedSquare_3mm.ubulk" 408
"../../../Engine/Plugins/Animation/ControlRig/Content/Controls/ControlRig_RoundedSquare_3mm.uasset" 409
"../../../Engine/Plugins/Animation/ControlRig/Content/Controls/ControlRig_RoundedSquare_3mm.uexp" 410
"../../../Engine/Plugins/Animation/ControlRig/Content/Controls/ControlRig_RoundedSquare_1mm.ubulk" 411
"../../../Engine/Plugins/Animation/ControlRig/Content/Controls/ControlRig_RoundedSquare_1mm.uasset" 412
"../../../Engine/Plugins/Animation/ControlRig/Content/Controls/ControlRig_RoundedSquare_1mm.uexp" 413
"../../../Engine/Plugins/Animation/ControlRig/Content/Controls/ControlRig_QuarterCircle_solid.ubulk" 414
"../../../Engine/Plugins/Animation/ControlRig/Content/Controls/ControlRig_QuarterCircle_solid.uasset" 415
"../../../Engine/Plugins/Animation/ControlRig/Content/Controls/ControlRig_QuarterCircle_solid.uexp" 416
"../../../Engine/Plugins/Animation/ControlRig/Content/Controls/ControlRig_QuarterCircle_3mm.ubulk" 417
"../../../Engine/Plugins/Animation/ControlRig/Content/Controls/ControlRig_QuarterCircle_3mm.uasset" 418
"../../../Engine/Plugins/Animation/ControlRig/Content/Controls/ControlRig_QuarterCircle_3mm.uexp" 419
"../../../Engine/Plugins/Animation/ControlRig/Content/Controls/ControlRig_QuarterCircle_1mm.ubulk" 420
"../../../Engine/Plugins/Animation/ControlRig/Content/Controls/ControlRig_QuarterCircle_1mm.uasset" 421
"../../../Engine/Plugins/Animation/ControlRig/Content/Controls/ControlRig_QuarterCircle_1mm.uexp" 422
"../../../Engine/Plugins/Animation/ControlRig/Content/Controls/ControlRig_Pyramid_solid.ubulk" 423
"../../../Engine/Plugins/Animation/ControlRig/Content/Controls/ControlRig_Pyramid_solid.uasset" 424
"../../../Engine/Plugins/Animation/ControlRig/Content/Controls/ControlRig_Pyramid_solid.uexp" 425
"../../../Engine/Plugins/Animation/ControlRig/Content/Controls/ControlRig_Pyramid_3mm.ubulk" 426
"../../../Engine/Plugins/Animation/ControlRig/Content/Controls/ControlRig_Pyramid_3mm.uasset" 427
"../../../Engine/Plugins/Animation/ControlRig/Content/Controls/ControlRig_Pyramid_3mm.uexp" 428
"../../../Engine/Plugins/Animation/ControlRig/Content/Controls/ControlRig_Pyramid_1mm.ubulk" 429
"../../../Engine/Plugins/Animation/ControlRig/Content/Controls/ControlRig_Pyramid_1mm.uasset" 430
"../../../Engine/Plugins/Animation/ControlRig/Content/Controls/ControlRig_Pyramid_1mm.uexp" 431
"../../../Engine/Plugins/Animation/ControlRig/Content/Controls/ControlRig_Octagon_solid.ubulk" 432
"../../../Engine/Plugins/Animation/ControlRig/Content/Controls/ControlRig_Octagon_solid.uasset" 433
"../../../Engine/Plugins/Animation/ControlRig/Content/Controls/ControlRig_Octagon_solid.uexp" 434
"../../../Engine/Plugins/Animation/ControlRig/Content/Controls/ControlRig_Octagon_3mm.ubulk" 435
"../../../Engine/Plugins/Animation/ControlRig/Content/Controls/ControlRig_Octagon_3mm.uasset" 436
"../../../Engine/Plugins/Animation/ControlRig/Content/Controls/ControlRig_Octagon_3mm.uexp" 437
"../../../Engine/Plugins/Animation/ControlRig/Content/Controls/ControlRig_Octagon_1mm.ubulk" 438
"../../../Engine/Plugins/Animation/ControlRig/Content/Controls/ControlRig_Octagon_1mm.uasset" 439
"../../../Engine/Plugins/Animation/ControlRig/Content/Controls/ControlRig_Octagon_1mm.uexp" 440
"../../../Engine/Plugins/Animation/ControlRig/Content/Controls/ControlRig_Hexagon_solid.ubulk" 441
"../../../Engine/Plugins/Animation/ControlRig/Content/Controls/ControlRig_Hexagon_solid.uasset" 442
"../../../Engine/Plugins/Animation/ControlRig/Content/Controls/ControlRig_Hexagon_solid.uexp" 443
"../../../Engine/Plugins/Animation/ControlRig/Content/Controls/ControlRig_Hexagon_3mm.ubulk" 444
"../../../Engine/Plugins/Animation/ControlRig/Content/Controls/ControlRig_Hexagon_3mm.uasset" 445
"../../../Engine/Plugins/Animation/ControlRig/Content/Controls/ControlRig_Hexagon_3mm.uexp" 446
"../../../Engine/Plugins/Animation/ControlRig/Content/Controls/ControlRig_Hexagon_1mm.ubulk" 447
"../../../Engine/Plugins/Animation/ControlRig/Content/Controls/ControlRig_Hexagon_1mm.uasset" 448
"../../../Engine/Plugins/Animation/ControlRig/Content/Controls/ControlRig_Hexagon_1mm.uexp" 449
"../../../Engine/Plugins/Animation/ControlRig/Content/Controls/ControlRig_HalfCircle_solid.ubulk" 450
"../../../Engine/Plugins/Animation/ControlRig/Content/Controls/ControlRig_HalfCircle_solid.uasset" 451
"../../../Engine/Plugins/Animation/ControlRig/Content/Controls/ControlRig_HalfCircle_solid.uexp" 452
"../../../Engine/Plugins/Animation/ControlRig/Content/Controls/ControlRig_HalfCircle_3mm.ubulk" 453
"../../../Engine/Plugins/Animation/ControlRig/Content/Controls/ControlRig_HalfCircle_3mm.uasset" 454
"../../../Engine/Plugins/Animation/ControlRig/Content/Controls/ControlRig_HalfCircle_3mm.uexp" 455
"../../../Engine/Plugins/Animation/ControlRig/Content/Controls/ControlRig_HalfCircle_1mm.ubulk" 456
"../../../Engine/Plugins/Animation/ControlRig/Content/Controls/ControlRig_HalfCircle_1mm.uasset" 457
"../../../Engine/Plugins/Animation/ControlRig/Content/Controls/ControlRig_HalfCircle_1mm.uexp" 458
"../../../Engine/Plugins/Animation/ControlRig/Content/Controls/ControlRig_Diamond_solid.ubulk" 459
"../../../Engine/Plugins/Animation/ControlRig/Content/Controls/ControlRig_Diamond_solid.uasset" 460
"../../../Engine/Plugins/Animation/ControlRig/Content/Controls/ControlRig_Diamond_solid.uexp" 461
"../../../Engine/Plugins/Animation/ControlRig/Content/Controls/ControlRig_Diamond_3mm.ubulk" 462
"../../../Engine/Plugins/Animation/ControlRig/Content/Controls/ControlRig_Diamond_3mm.uasset" 463
"../../../Engine/Plugins/Animation/ControlRig/Content/Controls/ControlRig_Diamond_3mm.uexp" 464
"../../../Engine/Plugins/Animation/ControlRig/Content/Controls/ControlRig_Diamond_1mm.ubulk" 465
"../../../Engine/Plugins/Animation/ControlRig/Content/Controls/ControlRig_Diamond_1mm.uasset" 466
"../../../Engine/Plugins/Animation/ControlRig/Content/Controls/ControlRig_Diamond_1mm.uexp" 467
"../../../Engine/Plugins/Animation/ControlRig/Content/Controls/ControlRig_Circle_solid.ubulk" 468
"../../../Engine/Plugins/Animation/ControlRig/Content/Controls/ControlRig_Circle_solid.uasset" 469
"../../../Engine/Plugins/Animation/ControlRig/Content/Controls/ControlRig_Circle_solid.uexp" 470
"../../../Engine/Plugins/Animation/ControlRig/Content/Controls/ControlRig_Circle_3mm.ubulk" 471
"../../../Engine/Plugins/Animation/ControlRig/Content/Controls/ControlRig_Circle_3mm.uasset" 472
"../../../Engine/Plugins/Animation/ControlRig/Content/Controls/ControlRig_Circle_3mm.uexp" 473
"../../../Engine/Plugins/Animation/ControlRig/Content/Controls/ControlRig_Circle_1mm.ubulk" 474
"../../../Engine/Plugins/Animation/ControlRig/Content/Controls/ControlRig_Circle_1mm.uasset" 475
"../../../Engine/Plugins/Animation/ControlRig/Content/Controls/ControlRig_Circle_1mm.uexp" 476
"../../../Engine/Plugins/Animation/ControlRig/Content/Controls/ControlRig_Box_solid.ubulk" 477
"../../../Engine/Plugins/Animation/ControlRig/Content/Controls/ControlRig_Box_solid.uasset" 478
"../../../Engine/Plugins/Animation/ControlRig/Content/Controls/ControlRig_Box_solid.uexp" 479
"../../../Engine/Plugins/Animation/ControlRig/Content/Controls/ControlRig_Box_3mm.ubulk" 480
"../../../Engine/Plugins/Animation/ControlRig/Content/Controls/ControlRig_Box_3mm.uasset" 481
"../../../Engine/Plugins/Animation/ControlRig/Content/Controls/ControlRig_Box_3mm.uexp" 482
"../../../Engine/Plugins/Animation/ControlRig/Content/Controls/ControlRig_Box_1mm.ubulk" 483
"../../../Engine/Plugins/Animation/ControlRig/Content/Controls/ControlRig_Box_1mm.uasset" 484
"../../../Engine/Plugins/Animation/ControlRig/Content/Controls/ControlRig_Box_1mm.uexp" 485
"../../../Engine/Plugins/Animation/ControlRig/Content/Controls/ControlRig_Arrow_solid.ubulk" 486
"../../../Engine/Plugins/Animation/ControlRig/Content/Controls/ControlRig_Arrow_solid.uasset" 487
"../../../Engine/Plugins/Animation/ControlRig/Content/Controls/ControlRig_Arrow_solid.uexp" 488
"../../../Engine/Plugins/Animation/ControlRig/Content/Controls/ControlRig_Arrow_3mm.ubulk" 489
"../../../Engine/Plugins/Animation/ControlRig/Content/Controls/ControlRig_Arrow_3mm.uasset" 490
"../../../Engine/Plugins/Animation/ControlRig/Content/Controls/ControlRig_Arrow_3mm.uexp" 491
"../../../Engine/Plugins/Animation/ControlRig/Content/Controls/ControlRig_Arrow_1mm.ubulk" 492
"../../../Engine/Plugins/Animation/ControlRig/Content/Controls/ControlRig_Arrow_1mm.uasset" 493
"../../../Engine/Plugins/Animation/ControlRig/Content/Controls/ControlRig_Arrow_1mm.uexp" 494
"../../../Engine/Plugins/Animation/ControlRig/Content/Controls/ControlRig_Arrow4_solid.ubulk" 495
"../../../Engine/Plugins/Animation/ControlRig/Content/Controls/ControlRig_Arrow4_solid.uasset" 496
"../../../Engine/Plugins/Animation/ControlRig/Content/Controls/ControlRig_Arrow4_solid.uexp" 497
"../../../Engine/Plugins/Animation/ControlRig/Content/Controls/ControlRig_Arrow4_3mm.ubulk" 498
"../../../Engine/Plugins/Animation/ControlRig/Content/Controls/ControlRig_Arrow4_3mm.uasset" 499
"../../../Engine/Plugins/Animation/ControlRig/Content/Controls/ControlRig_Arrow4_3mm.uexp" 500
"../../../Engine/Plugins/Animation/ControlRig/Content/Controls/ControlRig_Arrow4_1mm.ubulk" 501
"../../../Engine/Plugins/Animation/ControlRig/Content/Controls/ControlRig_Arrow4_1mm.uasset" 502
"../../../Engine/Plugins/Animation/ControlRig/Content/Controls/ControlRig_Arrow4_1mm.uexp" 503
"../../../Engine/Plugins/Animation/ControlRig/Content/Controls/ControlRig_Arrow2_solid.ubulk" 504
"../../../Engine/Plugins/Animation/ControlRig/Content/Controls/ControlRig_Arrow2_solid.uasset" 505
"../../../Engine/Plugins/Animation/ControlRig/Content/Controls/ControlRig_Arrow2_solid.uexp" 506
"../../../Engine/Plugins/Animation/ControlRig/Content/Controls/ControlRig_Arrow2_3mm.ubulk" 507
"../../../Engine/Plugins/Animation/ControlRig/Content/Controls/ControlRig_Arrow2_3mm.uasset" 508
"../../../Engine/Plugins/Animation/ControlRig/Content/Controls/ControlRig_Arrow2_3mm.uexp" 509
"../../../Engine/Plugins/Animation/ControlRig/Content/Controls/ControlRig_Arrow2_1mm.ubulk" 510
"../../../Engine/Plugins/Animation/ControlRig/Content/Controls/ControlRig_Arrow2_1mm.uasset" 511
"../../../Engine/Plugins/Animation/ControlRig/Content/Controls/ControlRig_Arrow2_1mm.uexp" 512
"../../../Engine/Plugins/Animation/ControlRig/Content/Controls/ControlRigXRayMaterial.uasset" 513
"../../../Engine/Plugins/Animation/ControlRig/Content/Controls/ControlRigXRayMaterial.uexp" 514
"../../../Engine/Plugins/Animation/ControlRig/Content/Controls/ControlRigGizmoMaterial.uasset" 515
"../../../Engine/Plugins/Animation/ControlRig/Content/Controls/ControlRigGizmoMaterial.uexp" 516
"../../../Engine/Content/EngineMaterials/STBlueNoise_vec2_128x128x64.uasset" 517
"../../../Engine/Content/EngineMaterials/STBlueNoise_vec2_128x128x64.uexp" 518
"../../../Engine/Content/EngineMaterials/STBlueNoise_scalar_128x128x64.uasset" 519
"../../../Engine/Content/EngineMaterials/STBlueNoise_scalar_128x128x64.uexp" 520
"../../../Engine/Content/EngineMaterials/RemoveSurfaceMaterial.uasset" 521
"../../../Engine/Content/EngineMaterials/RemoveSurfaceMaterial.uexp" 522
"../../../Engine/Content/EngineMaterials/DefaultCalibrationGrayscale.uasset" 523
"../../../Engine/Content/EngineMaterials/DefaultCalibrationGrayscale.uexp" 524
"../../../Engine/Content/EngineMaterials/PPM_DefaultCalibrationGrayscale.uasset" 525
"../../../Engine/Content/EngineMaterials/PPM_DefaultCalibrationGrayscale.uexp" 526
"../../../Engine/Content/EngineMaterials/DefaultCalibrationColor.uasset" 527
"../../../Engine/Content/EngineMaterials/DefaultCalibrationColor.uexp" 528
"../../../Engine/Content/EngineMaterials/PPM_DefaultCalibrationColor.uasset" 529
"../../../Engine/Content/EngineMaterials/PPM_DefaultCalibrationColor.uexp" 530
"../../../Engine/Content/EngineMaterials/PhAT_JointLimitMaterial.uasset" 531
"../../../Engine/Content/EngineMaterials/PhAT_JointLimitMaterial.uexp" 532
"../../../Engine/Content/EngineMaterials/NaniteHiddenSectionMaterial.uasset" 533
"../../../Engine/Content/EngineMaterials/NaniteHiddenSectionMaterial.uexp" 534
"../../../Engine/Content/EngineMaterials/InvalidLightmapSettings.ubulk" 535
"../../../Engine/Content/EngineMaterials/InvalidLightmapSettings.uasset" 536
"../../../Engine/Content/EngineMaterials/InvalidLightmapSettings.uexp" 537
"../../../Engine/Content/EngineMaterials/M_InvalidLightmapSettings.uasset" 538
"../../../Engine/Content/EngineMaterials/M_InvalidLightmapSettings.uexp" 539
"../../../Engine/Content/EngineMaterials/GizmoMaterial.uasset" 540
"../../../Engine/Content/EngineMaterials/GizmoMaterial.uexp" 541
"../../../Engine/Content/EngineMaterials/BaseFlattenEmissiveMap_VT.uasset" 542
"../../../Engine/Content/EngineMaterials/BaseFlattenEmissiveMap_VT.uexp" 543
"../../../Engine/Content/EngineMaterials/BaseFlattenGrayscaleMap_VT.uasset" 544
"../../../Engine/Content/EngineMaterials/BaseFlattenGrayscaleMap_VT.uexp" 545
"../../../Engine/Content/EngineMaterials/BaseFlattenLinearColor_VT.uasset" 546
"../../../Engine/Content/EngineMaterials/BaseFlattenLinearColor_VT.uexp" 547
"../../../Engine/Content/EngineMaterials/Black_1x1_EXR_Texture_VT.uasset" 548
"../../../Engine/Content/EngineMaterials/Black_1x1_EXR_Texture_VT.uexp" 549
"../../../Engine/Content/EngineMaterials/BaseFlattenDiffuseMap_VT.uasset" 550
"../../../Engine/Content/EngineMaterials/BaseFlattenDiffuseMap_VT.uexp" 551
"../../../Engine/Content/EngineMaterials/BaseFlattenNormalMap_VT.uasset" 552
"../../../Engine/Content/EngineMaterials/BaseFlattenNormalMap_VT.uexp" 553
"../../../Engine/Content/EngineMaterials/FlattenMaterial_WS_Normal_VT.uasset" 554
"../../../Engine/Content/EngineMaterials/FlattenMaterial_WS_Normal_VT.uexp" 555
"../../../Engine/Content/EngineMaterials/FlattenMaterial_VT.uasset" 556
"../../../Engine/Content/EngineMaterials/FlattenMaterial_VT.uexp" 557
"../../../Engine/Content/EngineMaterials/BaseFlattenNormalMap.uasset" 558
"../../../Engine/Content/EngineMaterials/BaseFlattenNormalMap.uexp" 559
"../../../Engine/Content/EngineMaterials/BaseFlattenGrayscaleMap.uasset" 560
"../../../Engine/Content/EngineMaterials/BaseFlattenGrayscaleMap.uexp" 561
"../../../Engine/Content/EngineMaterials/BaseFlattenDiffuseMap.uasset" 562
"../../../Engine/Content/EngineMaterials/BaseFlattenDiffuseMap.uexp" 563
"../../../Engine/Content/Functions/Engine_MaterialFunctions02/PivotPainter2/Black_1x1_EXR_Texture.uasset" 564
"../../../Engine/Content/Functions/Engine_MaterialFunctions02/PivotPainter2/Black_1x1_EXR_Texture.uexp" 565
"../../../Engine/Content/EngineMaterials/BaseFlattenEmissiveMap.uasset" 566
"../../../Engine/Content/EngineMaterials/BaseFlattenEmissiveMap.uexp" 567
"../../../Engine/Content/EngineMaterials/BaseFlattenLinearColor.uasset" 568
"../../../Engine/Content/EngineMaterials/BaseFlattenLinearColor.uexp" 569
"../../../Engine/Content/EngineMaterials/FlattenMaterial.uasset" 570
"../../../Engine/Content/EngineMaterials/FlattenMaterial.uexp" 571
"../../../Engine/Content/EngineMaterials/DefaultWhiteGrid_Low.uasset" 572
"../../../Engine/Content/EngineMaterials/DefaultWhiteGrid_Low.uexp" 573
"../../../Engine/Content/EngineMaterials/EmissiveMeshMaterial.uasset" 574
"../../../Engine/Content/EngineMaterials/EmissiveMeshMaterial.uexp" 575
"../../../Engine/Content/EngineFonts/RobotoDistanceField.uasset" 576
"../../../Engine/Content/EngineFonts/RobotoDistanceField.uexp" 577
"../../../Engine/Content/EngineMaterials/DefaultTextMaterialOpaque.uasset" 578
"../../../Engine/Content/EngineMaterials/DefaultTextMaterialOpaque.uexp" 579
"../../../Engine/Content/EngineMaterials/DefaultDiffuse.ubulk" 580
"../../../Engine/Content/EngineMaterials/DefaultDiffuse.uasset" 581
"../../../Engine/Content/EngineMaterials/DefaultDiffuse.uexp" 582
"../../../Engine/Content/Functions/Engine_MaterialFunctions02/Utility/BreakOutFloat2Components.uasset" 583
"../../../Engine/Content/Functions/Engine_MaterialFunctions02/Utility/BreakOutFloat2Components.uexp" 584
"../../../Engine/Content/EngineMaterials/DefaultPostProcessMaterial.uasset" 585
"../../../Engine/Content/EngineMaterials/DefaultPostProcessMaterial.uexp" 586
"../../../Engine/Content/EngineMaterials/DefaultPhysicalMaterial.uasset" 587
"../../../Engine/Content/EngineMaterials/DefaultPhysicalMaterial.uexp" 588
"../../../Engine/Content/EngineMaterials/DefaultLightFunctionMaterial.uasset" 589
"../../../Engine/Content/EngineMaterials/DefaultLightFunctionMaterial.uexp" 590
"../../../Engine/Content/EngineMaterials/DefaultDestructiblePhysicalMaterial.uasset" 591
"../../../Engine/Content/EngineMaterials/DefaultDestructiblePhysicalMaterial.uexp" 592
"../../../Engine/Content/EngineMaterials/DefaultDeferredDecalMaterial.uasset" 593
"../../../Engine/Content/EngineMaterials/DefaultDeferredDecalMaterial.uexp" 594
"../../../Engine/Content/EngineMaterials/DefaultBloomKernel.uasset" 595
"../../../Engine/Content/EngineMaterials/DefaultBloomKernel.uexp" 596
"../../../Engine/Content/EngineFonts/Faces/RobotoLight.uexp" 597
"../../../Engine/Content/EngineFonts/Faces/RobotoLight.uasset" 598
"../../../Engine/Content/EngineFonts/Faces/RobotoLight.ufont" 599
"../../../Engine/Content/EngineFonts/Faces/RobotoBold.uexp" 600
"../../../Engine/Content/EngineFonts/Faces/RobotoBold.uasset" 601
"../../../Engine/Content/EngineFonts/Faces/RobotoBold.ufont" 602
"../../../Engine/Content/EngineFonts/Faces/RobotoRegular.uexp" 603
"../../../Engine/Content/EngineFonts/Faces/RobotoRegular.uasset" 604
"../../../Engine/Content/EngineFonts/Faces/RobotoRegular.ufont" 605
"../../../Engine/Content/EngineFonts/Faces/DroidSansFallback.uexp" 606
"../../../Engine/Content/EngineFonts/Faces/DroidSansFallback.uasset" 607
"../../../Engine/Content/EngineFonts/Faces/DroidSansFallback.ufont" 608
"../../../Engine/Content/EngineFonts/Faces/RobotoItalic.uexp" 609
"../../../Engine/Content/EngineFonts/Faces/RobotoItalic.uasset" 610
"../../../Engine/Content/EngineFonts/Faces/RobotoItalic.ufont" 611
"../../../Engine/Content/EngineFonts/Faces/RobotoBoldItalic.uexp" 612
"../../../Engine/Content/EngineFonts/Faces/RobotoBoldItalic.uasset" 613
"../../../Engine/Content/EngineFonts/Faces/RobotoBoldItalic.ufont" 614
"../../../Engine/Content/EngineFonts/Roboto.uasset" 615
"../../../Engine/Content/EngineFonts/Roboto.uexp" 616
"../../../Engine/Content/Functions/Engine_MaterialFunctions02/Utility/CameraDirectionVector.uasset" 617
"../../../Engine/Content/Functions/Engine_MaterialFunctions02/Utility/CameraDirectionVector.uexp" 618
"../../../Engine/Content/EngineDebugMaterials/VolumeToRender.uasset" 619
"../../../Engine/Content/EngineDebugMaterials/VolumeToRender.uexp" 620
"../../../Engine/Content/EngineDebugMaterials/M_VolumeRenderSphereTracePP.uasset" 621
"../../../Engine/Content/EngineDebugMaterials/M_VolumeRenderSphereTracePP.uexp" 622
"../../../Engine/Content/EngineDebugMaterials/M_SimpleUnlitTranslucent.uasset" 623
"../../../Engine/Content/EngineDebugMaterials/M_SimpleUnlitTranslucent.uexp" 624
"../../../Engine/Content/EngineDebugMaterials/DebugMeshMaterial.uasset" 625
"../../../Engine/Content/EngineDebugMaterials/DebugMeshMaterial.uexp" 626
"../../../Engine/Content/EngineDebugMaterials/DebugEditorMaterial.uasset" 627
"../../../Engine/Content/EngineDebugMaterials/DebugEditorMaterial.uexp" 628
"../../../Engine/Content/EngineDamageTypes/DmgTypeBP_Environmental.uasset" 629
"../../../Engine/Content/EngineDamageTypes/DmgTypeBP_Environmental.uexp" 630
"../../../Engine/Content/EditorResources/S_Terrain.ubulk" 631
"../../../Engine/Content/EditorResources/S_Terrain.uasset" 632
"../../../Engine/Content/EditorResources/S_Terrain.uexp" 633
"../../../Engine/Content/EditorResources/EmptyActor.uasset" 634
"../../../Engine/Content/EditorResources/EmptyActor.uexp" 635
"../../../Engine/Content/EditorResources/BSPVertex.uasset" 636
"../../../Engine/Content/EditorResources/BSPVertex.uexp" 637
"../../../Engine/Content/EditorMaterials/PreviewShadowIndicator.ubulk" 638
"../../../Engine/Content/EditorMaterials/PreviewShadowIndicator.uasset" 639
"../../../Engine/Content/EditorMaterials/PreviewShadowIndicator.uexp" 640
"../../../Engine/Content/EditorMaterials/PreviewShadowIndicatorMaterial.uasset" 641
"../../../Engine/Content/EditorMaterials/PreviewShadowIndicatorMaterial.uexp" 642
"../../../Engine/Content/EditorMaterials/PhAT_UnselectedMaterial.uasset" 643
"../../../Engine/Content/EditorMaterials/PhAT_UnselectedMaterial.uexp" 644
"../../../Engine/Content/EditorMaterials/PhAT_NoCollisionMaterial.uasset" 645
"../../../Engine/Content/EditorMaterials/PhAT_NoCollisionMaterial.uexp" 646
"../../../Engine/Content/EditorLandscapeResources/DefaultAlphaTexture.uasset" 647
"../../../Engine/Content/EditorLandscapeResources/DefaultAlphaTexture.uexp" 648
"../../../Engine/Content/EditorLandscapeResources/DataLayer.uasset" 649
"../../../Engine/Content/EditorLandscapeResources/DataLayer.uexp" 650
"../../../Engine/Content/BasicShapes/Sphere.ubulk" 651
"../../../Engine/Content/BasicShapes/Sphere.uasset" 652
"../../../Engine/Content/BasicShapes/Sphere.uexp" 653
"../../../Engine/Content/BasicShapes/Plane.ubulk" 654
"../../../Engine/Content/BasicShapes/Plane.uasset" 655
"../../../Engine/Content/BasicShapes/Plane.uexp" 656
"../../../Engine/Content/BasicShapes/Cylinder.ubulk" 657
"../../../Engine/Content/BasicShapes/Cylinder.uasset" 658
"../../../Engine/Content/BasicShapes/Cylinder.uexp" 659
"../../../Engine/Content/BasicShapes/Cube.ubulk" 660
"../../../Engine/Content/BasicShapes/Cube.uasset" 661
"../../../Engine/Content/BasicShapes/Cube.uexp" 662
"../../../Engine/Content/BasicShapes/Cone.ubulk" 663
"../../../Engine/Content/BasicShapes/Cone.uasset" 664
"../../../Engine/Content/BasicShapes/Cone.uexp" 665
"../../../Engine/Content/EditorResources/AudioIcons/S_AudioComponent_AutoActivate.uasset" 666
"../../../Engine/Content/EditorResources/AudioIcons/S_AudioComponent_AutoActivate.uexp" 667
"D:/Unreal Projects/Coyotl 5.2/Content/Characters/Joao/music_coyotl.ubulk" 668
"D:/Unreal Projects/Coyotl 5.2/Content/Characters/Joao/music_coyotl.uasset" 669
"D:/Unreal Projects/Coyotl 5.2/Content/Characters/Joao/music_coyotl.uexp" 670
"D:/Unreal Projects/Coyotl 5.2/Content/Characters/Joao/music_coyotl_Cue.uasset" 671
"D:/Unreal Projects/Coyotl 5.2/Content/Characters/Joao/music_coyotl_Cue.uexp" 672
"../../../Engine/Content/MobileResources/HUD/VirtualJoystick_Background.uasset" 673
"../../../Engine/Content/MobileResources/HUD/VirtualJoystick_Background.uexp" 674
"../../../Engine/Content/MobileResources/HUD/VirtualJoystick_Thumb.uasset" 675
"../../../Engine/Content/MobileResources/HUD/VirtualJoystick_Thumb.uexp" 676
"../../../Engine/Content/MobileResources/HUD/DefaultVirtualJoysticks.uasset" 677
"../../../Engine/Content/MobileResources/HUD/DefaultVirtualJoysticks.uexp" 678
"../../../Engine/Content/EngineSky/VolumetricClouds/CloudWeatherTexture.uasset" 679
"../../../Engine/Content/EngineSky/VolumetricClouds/CloudWeatherTexture.uexp" 680
"../../../Engine/Content/Functions/Engine_MaterialFunctions02/Utility/MakeFloat2.uasset" 681
"../../../Engine/Content/Functions/Engine_MaterialFunctions02/Utility/MakeFloat2.uexp" 682
"../../../Engine/Content/EngineSky/VolumetricClouds/CloudGradientTexture.uasset" 683
"../../../Engine/Content/EngineSky/VolumetricClouds/CloudGradientTexture.uexp" 684
"../../../Engine/Content/EngineSky/VolumetricClouds/T_NoiseShape64.ubulk" 685
"../../../Engine/Content/EngineSky/VolumetricClouds/T_NoiseShape64.uasset" 686
"../../../Engine/Content/EngineSky/VolumetricClouds/T_NoiseShape64.uexp" 687
"../../../Engine/Content/EngineSky/VolumetricClouds/T_VolumeNoiseShape64.uasset" 688
"../../../Engine/Content/EngineSky/VolumetricClouds/T_VolumeNoiseShape64.uexp" 689
"../../../Engine/Content/EngineSky/VolumetricClouds/T_NoiseErosion.ubulk" 690
"../../../Engine/Content/EngineSky/VolumetricClouds/T_NoiseErosion.uasset" 691
"../../../Engine/Content/EngineSky/VolumetricClouds/T_NoiseErosion.uexp" 692
"../../../Engine/Content/EngineSky/VolumetricClouds/T_VolumeNoiseErosion32.uasset" 693
"../../../Engine/Content/EngineSky/VolumetricClouds/T_VolumeNoiseErosion32.uexp" 694
"../../../Engine/Content/EngineSky/VolumetricClouds/m_SimpleVolumetricCloud.uasset" 695
"../../../Engine/Content/EngineSky/VolumetricClouds/m_SimpleVolumetricCloud.uexp" 696
"../../../Engine/Content/EngineSky/VolumetricClouds/m_SimpleVolumetricCloud_Inst.uasset" 697
"../../../Engine/Content/EngineSky/VolumetricClouds/m_SimpleVolumetricCloud_Inst.uexp" 698
"../../../Engine/Content/EngineResources/FilmGrains/Marcie_Grain_v3_128_M2_000.uasset" 699
"../../../Engine/Content/EngineResources/FilmGrains/Marcie_Grain_v3_128_M2_000.uexp" 700
"../../../Engine/Content/EditorResources/SequenceRecorder/RecordingIndicator.uasset" 701
"../../../Engine/Content/EditorResources/SequenceRecorder/RecordingIndicator.uexp" 702
"../../../Engine/Content/EditorResources/SequenceRecorder/Countdown.uasset" 703
"../../../Engine/Content/EditorResources/SequenceRecorder/Countdown.uexp" 704
"../../../Engine/Content/Maps/Templates/HLODs/HLODLayer_Merged.uasset" 705
"../../../Engine/Content/Maps/Templates/HLODs/HLODLayer_Merged.uexp" 706
"../../../Engine/Content/Functions/Engine_MaterialFunctions01/Shading/PowerToRoughness.uasset" 707
"../../../Engine/Content/Functions/Engine_MaterialFunctions01/Shading/PowerToRoughness.uexp" 708
"../../../Engine/Content/Functions/Engine_MaterialFunctions01/Shading/ConvertFromDiffSpec.uasset" 709
"../../../Engine/Content/Functions/Engine_MaterialFunctions01/Shading/ConvertFromDiffSpec.uexp" 710
"D:/Unreal Projects/Coyotl 5.2/Content/Menu/Menu_Principal_BuiltData.uasset" 711
"D:/Unreal Projects/Coyotl 5.2/Content/Menu/Menu_Principal_BuiltData.uexp" 712
"D:/Unreal Projects/Coyotl 5.2/Content/Menu/Menu_Gamemode.uasset" 713
"D:/Unreal Projects/Coyotl 5.2/Content/Menu/Menu_Gamemode.uexp" 714
"D:/Unreal Projects/Coyotl 5.2/Content/Menu/Menu_Principal.uexp" 715
"D:/Unreal Projects/Coyotl 5.2/Content/Menu/Menu_Principal.umap" 716
"../../../Engine/Content/Maps/Templates/HLODs/HLODLayer_Instanced.uasset" 717
"../../../Engine/Content/Maps/Templates/HLODs/HLODLayer_Instanced.uexp" 718
"D:/Unreal Projects/Coyotl 5.2/Content/ThirdPerson/Blueprints/BP_ThirdPersonGameMode.uasset" 719
"D:/Unreal Projects/Coyotl 5.2/Content/ThirdPerson/Blueprints/BP_ThirdPersonGameMode.uexp" 720
"D:/Unreal Projects/Coyotl 5.2/Content/ThirdPerson/Maps/ThirdPersonMap.uexp" 721
"D:/Unreal Projects/Coyotl 5.2/Content/ThirdPerson/Maps/ThirdPersonMap.umap" 722
